Started GET "/" for ::1 at 2020-03-10 10:29:14 +1100
Processing by Rails::WelcomeController#index as HTML
  Rendering /Users/mitchellbrowne/.rvm/gems/ruby-2.7.0/gems/railties-5.2.4.1/lib/rails/templates/rails/welcome/index.html.erb
  Rendered /Users/mitchellbrowne/.rvm/gems/ruby-2.7.0/gems/railties-5.2.4.1/lib/rails/templates/rails/welcome/index.html.erb (16.1ms)
Completed 200 OK in 88ms (Views: 59.1ms | ActiveRecord: 0.0ms)


Started GET "/" for ::1 at 2020-03-10 10:30:25 +1100
  
ActionController::RoutingError (uninitialized constant PagesController):
  
bootsnap (1.4.6) lib/bootsnap/load_path_cache/core_ext/active_support.rb:80:in `block in load_missing_constant'
bootsnap (1.4.6) lib/bootsnap/load_path_cache/core_ext/active_support.rb:9:in `without_bootsnap_cache'
bootsnap (1.4.6) lib/bootsnap/load_path_cache/core_ext/active_support.rb:80:in `rescue in load_missing_constant'
bootsnap (1.4.6) lib/bootsnap/load_path_cache/core_ext/active_support.rb:59:in `load_missing_constant'
activesupport (5.2.4.1) lib/active_support/inflector/methods.rb:283:in `const_get'
activesupport (5.2.4.1) lib/active_support/inflector/methods.rb:283:in `block in constantize'
activesupport (5.2.4.1) lib/active_support/inflector/methods.rb:281:in `each'
activesupport (5.2.4.1) lib/active_support/inflector/methods.rb:281:in `inject'
activesupport (5.2.4.1) lib/active_support/inflector/methods.rb:281:in `constantize'
actionpack (5.2.4.1) lib/action_dispatch/http/request.rb:88:in `controller_class_for'
actionpack (5.2.4.1) lib/action_dispatch/http/request.rb:81:in `controller_class'
actionpack (5.2.4.1) lib/action_dispatch/routing/route_set.rb:46:in `controller'
actionpack (5.2.4.1) lib/action_dispatch/routing/route_set.rb:32:in `serve'
actionpack (5.2.4.1) lib/action_dispatch/journey/router.rb:52:in `block in serve'
actionpack (5.2.4.1) lib/action_dispatch/journey/router.rb:35:in `each'
actionpack (5.2.4.1) lib/action_dispatch/journey/router.rb:35:in `serve'
actionpack (5.2.4.1) lib/action_dispatch/routing/route_set.rb:840:in `call'
rack (2.2.2) lib/rack/tempfile_reaper.rb:15:in `call'
rack (2.2.2) lib/rack/etag.rb:27:in `call'
rack (2.2.2) lib/rack/conditional_get.rb:27:in `call'
rack (2.2.2) lib/rack/head.rb:12:in `call'
actionpack (5.2.4.1) lib/action_dispatch/http/content_security_policy.rb:18:in `call'
rack (2.2.2) lib/rack/session/abstract/id.rb:266:in `context'
rack (2.2.2) lib/rack/session/abstract/id.rb:260:in `call'
actionpack (5.2.4.1) lib/action_dispatch/middleware/cookies.rb:670:in `call'
activerecord (5.2.4.1) lib/active_record/migration.rb:559:in `call'
actionpack (5.2.4.1) lib/action_dispatch/middleware/callbacks.rb:28:in `block in call'
activesupport (5.2.4.1) lib/active_support/callbacks.rb:98:in `run_callbacks'
actionpack (5.2.4.1) lib/action_dispatch/middleware/callbacks.rb:26:in `call'
actionpack (5.2.4.1) lib/action_dispatch/middleware/executor.rb:14:in `call'
actionpack (5.2.4.1) lib/action_dispatch/middleware/debug_exceptions.rb:61:in `call'
web-console (3.7.0) lib/web_console/middleware.rb:135:in `call_app'
web-console (3.7.0) lib/web_console/middleware.rb:30:in `block in call'
web-console (3.7.0) lib/web_console/middleware.rb:20:in `catch'
web-console (3.7.0) lib/web_console/middleware.rb:20:in `call'
actionpack (5.2.4.1) lib/action_dispatch/middleware/show_exceptions.rb:33:in `call'
railties (5.2.4.1) lib/rails/rack/logger.rb:38:in `call_app'
railties (5.2.4.1) lib/rails/rack/logger.rb:26:in `block in call'
activesupport (5.2.4.1) lib/active_support/tagged_logging.rb:71:in `block in tagged'
activesupport (5.2.4.1) lib/active_support/tagged_logging.rb:28:in `tagged'
activesupport (5.2.4.1) lib/active_support/tagged_logging.rb:71:in `tagged'
railties (5.2.4.1) lib/rails/rack/logger.rb:26:in `call'
sprockets-rails (3.2.1) lib/sprockets/rails/quiet_assets.rb:13:in `call'
actionpack (5.2.4.1) lib/action_dispatch/middleware/remote_ip.rb:81:in `call'
actionpack (5.2.4.1) lib/action_dispatch/middleware/request_id.rb:27:in `call'
rack (2.2.2) lib/rack/method_override.rb:24:in `call'
rack (2.2.2) lib/rack/runtime.rb:22:in `call'
activesupport (5.2.4.1) lib/active_support/cache/strategy/local_cache_middleware.rb:29:in `call'
actionpack (5.2.4.1) lib/action_dispatch/middleware/executor.rb:14:in `call'
actionpack (5.2.4.1) lib/action_dispatch/middleware/static.rb:127:in `call'
rack (2.2.2) lib/rack/sendfile.rb:110:in `call'
railties (5.2.4.1) lib/rails/engine.rb:524:in `call'
puma (3.12.4) lib/puma/configuration.rb:227:in `call'
puma (3.12.4) lib/puma/server.rb:675:in `handle_request'
puma (3.12.4) lib/puma/server.rb:476:in `process_client'
puma (3.12.4) lib/puma/server.rb:334:in `block in run'
puma (3.12.4) lib/puma/thread_pool.rb:135:in `block in spawn_thread'
Started GET "/" for ::1 at 2020-03-10 10:38:29 +1100
Processing by PagesController#home as HTML
  Rendering pages/home.html.erb within layouts/application
  Rendered pages/home.html.erb within layouts/application (2.0ms)
Completed 200 OK in 777ms (Views: 768.8ms | ActiveRecord: 0.0ms)


Started GET "/numbers" for ::1 at 2020-03-10 10:40:57 +1100
Processing by PagesController#numbers as HTML
  Rendering pages/numbers.html.erb within layouts/application
  Rendered pages/numbers.html.erb within layouts/application (0.4ms)
Completed 200 OK in 19ms (Views: 15.9ms | ActiveRecord: 0.0ms)


Started GET "/numbers" for ::1 at 2020-03-10 10:41:39 +1100
Processing by PagesController#numbers as HTML
  Rendering pages/numbers.html.erb within layouts/application
  Rendered pages/numbers.html.erb within layouts/application (0.7ms)
Completed 200 OK in 18ms (Views: 15.5ms | ActiveRecord: 0.0ms)


Started GET "/numbers" for ::1 at 2020-03-10 10:42:19 +1100
Processing by PagesController#numbers as HTML
  Rendering pages/numbers.html.erb within layouts/application
  Rendered pages/numbers.html.erb within layouts/application (60.6ms)
Completed 200 OK in 108ms (Views: 105.5ms | ActiveRecord: 0.0ms)


Started GET "/numbers" for ::1 at 2020-03-10 10:45:40 +1100
Processing by PagesController#numbers as HTML
  Rendering pages/numbers.html.erb within layouts/application
  Rendered pages/numbers.html.erb within layouts/application (72.5ms)
Completed 200 OK in 94ms (Views: 90.8ms | ActiveRecord: 0.0ms)


Started GET "/numbers" for ::1 at 2020-03-10 10:47:02 +1100
Processing by PagesController#numbers as HTML
  Rendering pages/numbers.html.erb within layouts/application
  Rendered pages/numbers.html.erb within layouts/application (1.7ms)
Completed 200 OK in 30ms (Views: 27.9ms | ActiveRecord: 0.0ms)


Started GET "/numbers" for ::1 at 2020-03-10 10:47:18 +1100
Processing by PagesController#numbers as HTML
  Rendering pages/numbers.html.erb within layouts/application
  Rendered pages/numbers.html.erb within layouts/application (2.6ms)
Completed 200 OK in 39ms (Views: 37.1ms | ActiveRecord: 0.0ms)


Started GET "/numbers" for ::1 at 2020-03-10 10:47:32 +1100
Processing by PagesController#numbers as HTML
  Rendering pages/numbers.html.erb within layouts/application
  Rendered pages/numbers.html.erb within layouts/application (106.6ms)
Completed 500 Internal Server Error in 112ms (ActiveRecord: 0.0ms)


  
ActionView::Template::Error (undefined method `number_to_comma' for #<#<Class:0x00007f9a1f4f8740>:0x00007f9a1ee078a0>
Did you mean?  number_to_human):
    2: 
    3: <p>Please pay: <%= number_to_currency @amount %></p>
    4: <p>You have this many friends:
    5:   <span title="<%= number_to_comma @large_number %>">
    6:     <%= number_to_human @large_number %>
    7:   </span>
    8: </p>
  
app/views/pages/numbers.html.erb:5:in `_app_views_pages_numbers_html_erb__1101986128162660484_15160'
Started GET "/numbers" for ::1 at 2020-03-10 10:48:07 +1100
Processing by PagesController#numbers as HTML
  Rendering pages/numbers.html.erb within layouts/application
  Rendered pages/numbers.html.erb within layouts/application (8.8ms)
Completed 200 OK in 52ms (Views: 45.8ms | ActiveRecord: 0.0ms)


Started GET "/numbers" for ::1 at 2020-03-10 10:48:41 +1100
Processing by PagesController#numbers as HTML
  Rendering pages/numbers.html.erb within layouts/application
  Rendered pages/numbers.html.erb within layouts/application (83.5ms)
Completed 200 OK in 102ms (Views: 100.0ms | ActiveRecord: 0.0ms)


Started GET "/text" for ::1 at 2020-03-10 10:52:36 +1100
Processing by PagesController#text as HTML
  Rendering pages/text.html.erb within layouts/application
  Rendered pages/text.html.erb within layouts/application (1.1ms)
Completed 200 OK in 42ms (Views: 39.5ms | ActiveRecord: 0.0ms)


Started GET "/text" for ::1 at 2020-03-10 10:53:19 +1100
Processing by PagesController#text as HTML
  Rendering pages/text.html.erb within layouts/application
  Rendered pages/text.html.erb within layouts/application (1.8ms)
Completed 200 OK in 40ms (Views: 37.1ms | ActiveRecord: 0.0ms)


Started GET "/text" for ::1 at 2020-03-10 10:55:24 +1100
Processing by PagesController#text as HTML
  Rendering pages/text.html.erb within layouts/application
  Rendered pages/text.html.erb within layouts/application (4.8ms)
Completed 200 OK in 91ms (Views: 79.4ms | ActiveRecord: 0.0ms)


Started GET "/text" for ::1 at 2020-03-10 10:55:26 +1100
Processing by PagesController#text as HTML
  Rendering pages/text.html.erb within layouts/application
  Rendered pages/text.html.erb within layouts/application (1.4ms)
Completed 200 OK in 25ms (Views: 22.2ms | ActiveRecord: 0.0ms)


Started GET "/text" for ::1 at 2020-03-10 10:56:06 +1100
Processing by PagesController#text as HTML
  Rendering pages/text.html.erb within layouts/application
  Rendered pages/text.html.erb within layouts/application (1.4ms)
Completed 200 OK in 33ms (Views: 31.0ms | ActiveRecord: 0.0ms)


Started GET "/text" for ::1 at 2020-03-10 10:56:12 +1100
Processing by PagesController#text as HTML
  Rendering pages/text.html.erb within layouts/application
  Rendered pages/text.html.erb within layouts/application (0.9ms)
Completed 200 OK in 17ms (Views: 14.4ms | ActiveRecord: 0.0ms)


Started GET "/text" for ::1 at 2020-03-10 10:58:18 +1100
Processing by PagesController#text as HTML
  Rendering pages/text.html.erb within layouts/application
  Rendered pages/text.html.erb within layouts/application (2.5ms)
Completed 200 OK in 41ms (Views: 37.7ms | ActiveRecord: 0.0ms)


Started GET "/text" for ::1 at 2020-03-10 10:58:42 +1100
Processing by PagesController#text as HTML
  Rendering pages/text.html.erb within layouts/application
  Rendered pages/text.html.erb within layouts/application (1.3ms)
Completed 200 OK in 20ms (Views: 18.1ms | ActiveRecord: 0.0ms)


Started GET "/text" for ::1 at 2020-03-10 10:58:47 +1100
Processing by PagesController#text as HTML
  Rendering pages/text.html.erb within layouts/application
  Rendered pages/text.html.erb within layouts/application (1.3ms)
Completed 200 OK in 20ms (Views: 17.8ms | ActiveRecord: 0.0ms)


Started GET "/text" for ::1 at 2020-03-10 10:58:53 +1100
Processing by PagesController#text as HTML
  Rendering pages/text.html.erb within layouts/application
  Rendered pages/text.html.erb within layouts/application (2.1ms)
Completed 200 OK in 31ms (Views: 28.8ms | ActiveRecord: 0.0ms)


Started GET "/text" for ::1 at 2020-03-10 10:59:14 +1100
Processing by PagesController#text as HTML
  Rendering pages/text.html.erb within layouts/application
  Rendered pages/text.html.erb within layouts/application (1.3ms)
Completed 200 OK in 25ms (Views: 22.6ms | ActiveRecord: 0.0ms)


Started GET "/text" for ::1 at 2020-03-10 11:00:51 +1100
Processing by PagesController#text as HTML
  Rendering pages/text.html.erb within layouts/application
  Rendered pages/text.html.erb within layouts/application (1.2ms)
Completed 200 OK in 28ms (Views: 26.1ms | ActiveRecord: 0.0ms)


Started GET "/text" for ::1 at 2020-03-10 11:00:53 +1100
Processing by PagesController#text as HTML
  Rendering pages/text.html.erb within layouts/application
  Rendered pages/text.html.erb within layouts/application (0.9ms)
Completed 200 OK in 15ms (Views: 13.0ms | ActiveRecord: 0.0ms)


Started GET "/text" for ::1 at 2020-03-10 11:01:04 +1100
Processing by PagesController#text as HTML
  Rendering pages/text.html.erb within layouts/application
  Rendered pages/text.html.erb within layouts/application (1.3ms)
Completed 200 OK in 28ms (Views: 25.1ms | ActiveRecord: 0.0ms)


Started GET "/text" for ::1 at 2020-03-10 11:01:27 +1100
Processing by PagesController#text as HTML
  Rendering pages/text.html.erb within layouts/application
  Rendered pages/text.html.erb within layouts/application (1.2ms)
Completed 200 OK in 24ms (Views: 22.3ms | ActiveRecord: 0.0ms)


Started GET "/url" for ::1 at 2020-03-10 11:35:26 +1100
Processing by PagesController#url as HTML
  Rendering pages/url.html.erb within layouts/application
  Rendered pages/url.html.erb within layouts/application (2.3ms)
Completed 200 OK in 63ms (Views: 53.7ms | ActiveRecord: 0.0ms)


Started GET "/" for ::1 at 2020-03-10 11:35:28 +1100
Processing by PagesController#home as HTML
  Rendering pages/home.html.erb within layouts/application
  Rendered pages/home.html.erb within layouts/application (1.1ms)
Completed 200 OK in 32ms (Views: 29.0ms | ActiveRecord: 0.0ms)


Started GET "/url" for ::1 at 2020-03-10 11:36:07 +1100
Processing by PagesController#url as HTML
  Rendering pages/url.html.erb within layouts/application
  Rendered pages/url.html.erb within layouts/application (1.1ms)
Completed 200 OK in 32ms (Views: 28.2ms | ActiveRecord: 0.0ms)


Started GET "/url" for ::1 at 2020-03-10 11:37:58 +1100
Processing by PagesController#url as HTML
  Rendering pages/url.html.erb within layouts/application
  Rendered pages/url.html.erb within layouts/application (2.3ms)
Completed 200 OK in 43ms (Views: 37.0ms | ActiveRecord: 0.0ms)


Started GET "/" for ::1 at 2020-03-10 11:38:01 +1100
Processing by PagesController#home as HTML
  Rendering pages/home.html.erb within layouts/application
  Rendered pages/home.html.erb within layouts/application (0.4ms)
Completed 200 OK in 29ms (Views: 18.2ms | ActiveRecord: 0.0ms)


Started GET "/numbers" for ::1 at 2020-03-10 11:38:01 +1100
Processing by PagesController#numbers as HTML
  Rendering pages/numbers.html.erb within layouts/application
  Rendered pages/numbers.html.erb within layouts/application (8.9ms)
Completed 200 OK in 34ms (Views: 30.0ms | ActiveRecord: 0.0ms)


Started GET "/text" for ::1 at 2020-03-10 11:38:02 +1100
Processing by PagesController#text as HTML
  Rendering pages/text.html.erb within layouts/application
  Rendered pages/text.html.erb within layouts/application (1.9ms)
Completed 200 OK in 24ms (Views: 22.3ms | ActiveRecord: 0.0ms)


Started GET "/url" for ::1 at 2020-03-10 11:38:04 +1100
Processing by PagesController#url as HTML
  Rendering pages/url.html.erb within layouts/application
  Rendered pages/url.html.erb within layouts/application (0.9ms)
Completed 200 OK in 22ms (Views: 18.9ms | ActiveRecord: 0.0ms)


Started GET "/text" for ::1 at 2020-03-10 11:38:05 +1100
Processing by PagesController#text as HTML
  Rendering pages/text.html.erb within layouts/application
  Rendered pages/text.html.erb within layouts/application (1.3ms)
Completed 200 OK in 23ms (Views: 21.2ms | ActiveRecord: 0.0ms)


Started GET "/url" for ::1 at 2020-03-10 11:38:10 +1100
Processing by PagesController#url as HTML
  Rendering pages/url.html.erb within layouts/application
  Rendered pages/url.html.erb within layouts/application (0.9ms)
Completed 200 OK in 34ms (Views: 27.3ms | ActiveRecord: 0.0ms)


Started GET "/url" for ::1 at 2020-03-10 11:39:05 +1100
Processing by PagesController#url as HTML
  Rendering pages/url.html.erb within layouts/application
  Rendered pages/url.html.erb within layouts/application (1.1ms)
Completed 200 OK in 31ms (Views: 28.4ms | ActiveRecord: 0.0ms)


Started GET "/" for ::1 at 2020-03-10 11:39:08 +1100
Processing by PagesController#home as HTML
  Rendering pages/home.html.erb within layouts/application
  Rendered pages/home.html.erb within layouts/application (1.0ms)
Completed 200 OK in 25ms (Views: 22.6ms | ActiveRecord: 0.0ms)


Started GET "/rails/info/routes" for ::1 at 2020-03-10 11:43:30 +1100
Processing by Rails::InfoController#routes as HTML
  Rendering /Users/mitchellbrowne/.rvm/gems/ruby-2.7.0/gems/railties-5.2.4.1/lib/rails/templates/rails/info/routes.html.erb within layouts/application
  Rendered collection of /Users/mitchellbrowne/.rvm/gems/ruby-2.7.0/gems/actionpack-5.2.4.1/lib/action_dispatch/middleware/templates/routes/_route.html.erb [5 times] (25.7ms)
  Rendered /Users/mitchellbrowne/.rvm/gems/ruby-2.7.0/gems/actionpack-5.2.4.1/lib/action_dispatch/middleware/templates/routes/_table.html.erb (2.5ms)
  Rendered /Users/mitchellbrowne/.rvm/gems/ruby-2.7.0/gems/railties-5.2.4.1/lib/rails/templates/rails/info/routes.html.erb within layouts/application (36.4ms)
Completed 200 OK in 49ms (Views: 42.0ms | ActiveRecord: 0.0ms)


Started GET "/url" for ::1 at 2020-03-10 11:44:08 +1100
Processing by PagesController#url as HTML
  Rendering pages/url.html.erb within layouts/application
  Rendered pages/url.html.erb within layouts/application (1.4ms)
Completed 200 OK in 100ms (Views: 96.6ms | ActiveRecord: 0.0ms)


Started GET "/url" for ::1 at 2020-03-10 11:44:11 +1100
Processing by PagesController#url as HTML
  Rendering pages/url.html.erb within layouts/application
  Rendered pages/url.html.erb within layouts/application (0.8ms)
Completed 200 OK in 21ms (Views: 19.4ms | ActiveRecord: 0.0ms)


Started GET "/url" for ::1 at 2020-03-10 11:44:14 +1100
Processing by PagesController#url as HTML
  Rendering pages/url.html.erb within layouts/application
  Rendered pages/url.html.erb within layouts/application (0.9ms)
Completed 200 OK in 24ms (Views: 19.9ms | ActiveRecord: 0.0ms)


Started GET "/url" for ::1 at 2020-03-10 11:44:15 +1100
Processing by PagesController#url as HTML
  Rendering pages/url.html.erb within layouts/application
  Rendered pages/url.html.erb within layouts/application (1.1ms)
Completed 200 OK in 27ms (Views: 24.9ms | ActiveRecord: 0.0ms)


Started GET "/url" for ::1 at 2020-03-10 11:45:05 +1100
Processing by PagesController#url as HTML
  Rendering pages/url.html.erb within layouts/application
  Rendered pages/url.html.erb within layouts/application (1.9ms)
Completed 200 OK in 34ms (Views: 32.2ms | ActiveRecord: 0.0ms)


Started GET "/" for ::1 at 2020-03-10 11:45:06 +1100
Processing by PagesController#home as HTML
  Rendering pages/home.html.erb within layouts/application
  Rendered pages/home.html.erb within layouts/application (4.1ms)
Completed 200 OK in 40ms (Views: 36.1ms | ActiveRecord: 0.0ms)


Started GET "/numbers" for ::1 at 2020-03-10 11:45:06 +1100
Processing by PagesController#numbers as HTML
  Rendering pages/numbers.html.erb within layouts/application
  Rendered pages/numbers.html.erb within layouts/application (5.4ms)
Completed 200 OK in 34ms (Views: 30.9ms | ActiveRecord: 0.0ms)


Started GET "/text" for ::1 at 2020-03-10 11:45:07 +1100
Processing by PagesController#text as HTML
  Rendering pages/text.html.erb within layouts/application
  Rendered pages/text.html.erb within layouts/application (20.3ms)
Completed 200 OK in 51ms (Views: 46.5ms | ActiveRecord: 0.0ms)


Started GET "/url" for ::1 at 2020-03-10 11:45:08 +1100
Processing by PagesController#url as HTML
  Rendering pages/url.html.erb within layouts/application
  Rendered pages/url.html.erb within layouts/application (1.2ms)
Completed 200 OK in 27ms (Views: 24.7ms | ActiveRecord: 0.0ms)


Started GET "/url" for ::1 at 2020-03-10 11:45:09 +1100
Processing by PagesController#url as HTML
  Rendering pages/url.html.erb within layouts/application
  Rendered pages/url.html.erb within layouts/application (1.7ms)
Completed 200 OK in 40ms (Views: 33.4ms | ActiveRecord: 0.0ms)


Started GET "/numbers" for ::1 at 2020-03-10 11:45:12 +1100
Processing by PagesController#numbers as HTML
  Rendering pages/numbers.html.erb within layouts/application
  Rendered pages/numbers.html.erb within layouts/application (1.9ms)
Completed 200 OK in 33ms (Views: 30.7ms | ActiveRecord: 0.0ms)


Started GET "/numbers" for ::1 at 2020-03-10 11:46:52 +1100
  
ActionController::RoutingError (No route matches [GET] "/numbers"):
  
actionpack (5.2.4.1) lib/action_dispatch/middleware/debug_exceptions.rb:65:in `call'
web-console (3.7.0) lib/web_console/middleware.rb:135:in `call_app'
web-console (3.7.0) lib/web_console/middleware.rb:30:in `block in call'
web-console (3.7.0) lib/web_console/middleware.rb:20:in `catch'
web-console (3.7.0) lib/web_console/middleware.rb:20:in `call'
actionpack (5.2.4.1) lib/action_dispatch/middleware/show_exceptions.rb:33:in `call'
railties (5.2.4.1) lib/rails/rack/logger.rb:38:in `call_app'
railties (5.2.4.1) lib/rails/rack/logger.rb:26:in `block in call'
activesupport (5.2.4.1) lib/active_support/tagged_logging.rb:71:in `block in tagged'
activesupport (5.2.4.1) lib/active_support/tagged_logging.rb:28:in `tagged'
activesupport (5.2.4.1) lib/active_support/tagged_logging.rb:71:in `tagged'
railties (5.2.4.1) lib/rails/rack/logger.rb:26:in `call'
sprockets-rails (3.2.1) lib/sprockets/rails/quiet_assets.rb:13:in `call'
actionpack (5.2.4.1) lib/action_dispatch/middleware/remote_ip.rb:81:in `call'
actionpack (5.2.4.1) lib/action_dispatch/middleware/request_id.rb:27:in `call'
rack (2.2.2) lib/rack/method_override.rb:24:in `call'
rack (2.2.2) lib/rack/runtime.rb:22:in `call'
activesupport (5.2.4.1) lib/active_support/cache/strategy/local_cache_middleware.rb:29:in `call'
actionpack (5.2.4.1) lib/action_dispatch/middleware/executor.rb:14:in `call'
actionpack (5.2.4.1) lib/action_dispatch/middleware/static.rb:127:in `call'
rack (2.2.2) lib/rack/sendfile.rb:110:in `call'
railties (5.2.4.1) lib/rails/engine.rb:524:in `call'
puma (3.12.4) lib/puma/configuration.rb:227:in `call'
puma (3.12.4) lib/puma/server.rb:675:in `handle_request'
puma (3.12.4) lib/puma/server.rb:476:in `process_client'
puma (3.12.4) lib/puma/server.rb:334:in `block in run'
puma (3.12.4) lib/puma/thread_pool.rb:135:in `block in spawn_thread'
Started GET "/url" for ::1 at 2020-03-10 11:46:59 +1100
Processing by PagesController#url as HTML
  Rendering pages/url.html.erb within layouts/application
  Rendered pages/url.html.erb within layouts/application (158.1ms)
Completed 500 Internal Server Error in 164ms (ActiveRecord: 0.0ms)


  
ActionView::Template::Error (undefined local variable or method `numbers_path' for #<#<Class:0x00007f9a1f46b318>:0x00007f9a1f4699c8>
Did you mean?  mcnumbers_path):
    1: <h2>URL Helpers</h2>
    2: 
    3: <%= link_to "Home", root_path %>
    4: <%= link_to "Numbers", numbers_path %>
    5: <%= link_to "Text", text_path %>
    6: <%= link_to "Assets", assets_path %>
    7: <%= link_to "URL", url_path %>
  
app/views/pages/url.html.erb:4:in `_app_views_pages_url_html_erb___2875984551034608721_26860'
Started GET "/url" for ::1 at 2020-03-10 11:48:15 +1100
Processing by PagesController#url as HTML
  Rendering pages/url.html.erb within layouts/application
  Rendered pages/url.html.erb within layouts/application (1.4ms)
Completed 200 OK in 45ms (Views: 43.3ms | ActiveRecord: 0.0ms)


Started GET "/mcnumbers" for ::1 at 2020-03-10 11:48:17 +1100
Processing by PagesController#numbers as HTML
  Rendering pages/numbers.html.erb within layouts/application
  Rendered pages/numbers.html.erb within layouts/application (1.7ms)
Completed 200 OK in 34ms (Views: 29.1ms | ActiveRecord: 0.0ms)


Started GET "/" for ::1 at 2020-03-10 11:48:19 +1100
Processing by PagesController#home as HTML
  Rendering pages/home.html.erb within layouts/application
  Rendered pages/home.html.erb within layouts/application (2.7ms)
Completed 200 OK in 49ms (Views: 37.0ms | ActiveRecord: 0.0ms)


